<?xml version="1.0" encoding="UTF-8"?>
<testsuite name="ru.stqa.pft.github.GithubTests" tests="1" skipped="0" failures="1" errors="0" timestamp="2020-04-12T16:49:57" hostname="LAPTOP-QKC3I26M" time="2.795">
  <properties/>
  <testcase name="testCommits" classname="ru.stqa.pft.github.GithubTests" time="2.795">
    <failure message="java.lang.AssertionError: HTTP response status is not equal to 200:&#13;&#10;401 Unauthorized [https://api.github.com/repos/PavelSemenovNickolaevich/QATestJava/commits]&#10;Date: Sun, 12 Apr 2020 16:50:02 GMT&#10;Content-Type: application/json; charset=utf-8&#10;Content-Length: 83&#10;Server: GitHub.com&#10;Status: 401 Unauthorized&#10;X-GitHub-Media-Type: github.v3&#10;X-RateLimit-Limit: 60&#10;X-RateLimit-Remaining: 58&#10;X-RateLimit-Reset: 1586713726&#10;Access-Control-Expose-Headers: ETag, Link, Location, Retry-After, X-GitHub-OTP, X-RateLimit-Limit, X-RateLimit-Remaining, X-RateLimit-Reset, X-OAuth-Scopes, X-Accepted-OAuth-Scopes, X-Poll-Interval, X-GitHub-Media-Type, Deprecation, Sunset&#10;Access-Control-Allow-Origin: *&#10;Strict-Transport-Security: max-age=31536000; includeSubdomains; preload&#10;X-Frame-Options: deny&#10;X-Content-Type-Options: nosniff&#10;X-XSS-Protection: 1; mode=block&#10;Referrer-Policy: origin-when-cross-origin, strict-origin-when-cross-origin&#10;Content-Security-Policy: default-src 'none'&#10;Vary: Accept-Encoding, Accept, X-Requested-With&#10;X-GitHub-Request-Id: 322E:1CFA6:52F8B86:617BC31:5E9346BA&#10;&#10;{&quot;message&quot;:&quot;Bad credentials&quot;,&quot;documentation_url&quot;:&quot;https://developer.github.com/v3&quot;}&#10;Expected: HTTP response with status 200&#10;     but: was &lt;401 Unauthorized [https://api.github.com/repos/PavelSemenovNickolaevich/QATestJava/commits]&#10;Date: Sun, 12 Apr 2020 16:50:02 GMT&#10;Content-Type: application/json; charset=utf-8&#10;Content-Length: 83&#10;Server: GitHub.com&#10;Status: 401 Unauthorized&#10;X-GitHub-Media-Type: github.v3&#10;X-RateLimit-Limit: 60&#10;X-RateLimit-Remaining: 58&#10;X-RateLimit-Reset: 1586713726&#10;Access-Control-Expose-Headers: ETag, Link, Location, Retry-After, X-GitHub-OTP, X-RateLimit-Limit, X-RateLimit-Remaining, X-RateLimit-Reset, X-OAuth-Scopes, X-Accepted-OAuth-Scopes, X-Poll-Interval, X-GitHub-Media-Type, Deprecation, Sunset&#10;Access-Control-Allow-Origin: *&#10;Strict-Transport-Security: max-age=31536000; includeSubdomains; preload&#10;X-Frame-Options: deny&#10;X-Content-Type-Options: nosniff&#10;X-XSS-Protection: 1; mode=block&#10;Referrer-Policy: origin-when-cross-origin, strict-origin-when-cross-origin&#10;Content-Security-Policy: default-src 'none'&#10;Vary: Accept-Encoding, Accept, X-Requested-With&#10;X-GitHub-Request-Id: 322E:1CFA6:52F8B86:617BC31:5E9346BA&#10;&#10;{&quot;message&quot;:&quot;Bad credentials&quot;,&quot;documentation_url&quot;:&quot;https://developer.github.com/v3&quot;}&gt;" type="java.lang.AssertionError">java.lang.AssertionError: HTTP response status is not equal to 200:
401 Unauthorized [https://api.github.com/repos/PavelSemenovNickolaevich/QATestJava/commits]
Date: Sun, 12 Apr 2020 16:50:02 GMT
Content-Type: application/json; charset=utf-8
Content-Length: 83
Server: GitHub.com
Status: 401 Unauthorized
X-GitHub-Media-Type: github.v3
X-RateLimit-Limit: 60
X-RateLimit-Remaining: 58
X-RateLimit-Reset: 1586713726
Access-Control-Expose-Headers: ETag, Link, Location, Retry-After, X-GitHub-OTP, X-RateLimit-Limit, X-RateLimit-Remaining, X-RateLimit-Reset, X-OAuth-Scopes, X-Accepted-OAuth-Scopes, X-Poll-Interval, X-GitHub-Media-Type, Deprecation, Sunset
Access-Control-Allow-Origin: *
Strict-Transport-Security: max-age=31536000; includeSubdomains; preload
X-Frame-Options: deny
X-Content-Type-Options: nosniff
X-XSS-Protection: 1; mode=block
Referrer-Policy: origin-when-cross-origin, strict-origin-when-cross-origin
Content-Security-Policy: default-src 'none'
Vary: Accept-Encoding, Accept, X-Requested-With
X-GitHub-Request-Id: 322E:1CFA6:52F8B86:617BC31:5E9346BA

{&quot;message&quot;:&quot;Bad credentials&quot;,&quot;documentation_url&quot;:&quot;https://developer.github.com/v3&quot;}
Expected: HTTP response with status 200
     but: was &lt;401 Unauthorized [https://api.github.com/repos/PavelSemenovNickolaevich/QATestJava/commits]
Date: Sun, 12 Apr 2020 16:50:02 GMT
Content-Type: application/json; charset=utf-8
Content-Length: 83
Server: GitHub.com
Status: 401 Unauthorized
X-GitHub-Media-Type: github.v3
X-RateLimit-Limit: 60
X-RateLimit-Remaining: 58
X-RateLimit-Reset: 1586713726
Access-Control-Expose-Headers: ETag, Link, Location, Retry-After, X-GitHub-OTP, X-RateLimit-Limit, X-RateLimit-Remaining, X-RateLimit-Reset, X-OAuth-Scopes, X-Accepted-OAuth-Scopes, X-Poll-Interval, X-GitHub-Media-Type, Deprecation, Sunset
Access-Control-Allow-Origin: *
Strict-Transport-Security: max-age=31536000; includeSubdomains; preload
X-Frame-Options: deny
X-Content-Type-Options: nosniff
X-XSS-Protection: 1; mode=block
Referrer-Policy: origin-when-cross-origin, strict-origin-when-cross-origin
Content-Security-Policy: default-src 'none'
Vary: Accept-Encoding, Accept, X-Requested-With
X-GitHub-Request-Id: 322E:1CFA6:52F8B86:617BC31:5E9346BA

{&quot;message&quot;:&quot;Bad credentials&quot;,&quot;documentation_url&quot;:&quot;https://developer.github.com/v3&quot;}&gt;
	at org.hamcrest.MatcherAssert.assertThat(MatcherAssert.java:20)
	at com.jcabi.http.response.RestResponse.assertStatus(RestResponse.java:111)
	at com.jcabi.github.RtValuePagination$Items.fetch(RtValuePagination.java:195)
	at com.jcabi.github.RtValuePagination$Items.hasNext(RtValuePagination.java:179)
	at ru.stqa.pft.github.GithubTests.testCommits(GithubTests.java:16)
	at sun.reflect.NativeMethodAccessorImpl.invoke0(Native Method)
	at sun.reflect.NativeMethodAccessorImpl.invoke(NativeMethodAccessorImpl.java:62)
	at sun.reflect.DelegatingMethodAccessorImpl.invoke(DelegatingMethodAccessorImpl.java:43)
	at java.lang.reflect.Method.invoke(Method.java:498)
	at org.testng.internal.MethodInvocationHelper.invokeMethod(MethodInvocationHelper.java:134)
	at org.testng.internal.TestInvoker.invokeMethod(TestInvoker.java:597)
	at org.testng.internal.TestInvoker.invokeTestMethod(TestInvoker.java:173)
	at org.testng.internal.MethodRunner.runInSequence(MethodRunner.java:46)
	at org.testng.internal.TestInvoker$MethodInvocationAgent.invoke(TestInvoker.java:816)
	at org.testng.internal.TestInvoker.invokeTestMethods(TestInvoker.java:146)
	at org.testng.internal.TestMethodWorker.invokeTestMethods(TestMethodWorker.java:146)
	at org.testng.internal.TestMethodWorker.run(TestMethodWorker.java:128)
	at java.util.ArrayList.forEach(ArrayList.java:1257)
	at org.testng.TestRunner.privateRun(TestRunner.java:766)
	at org.testng.TestRunner.run(TestRunner.java:587)
	at org.testng.SuiteRunner.runTest(SuiteRunner.java:384)
	at org.testng.SuiteRunner.runSequentially(SuiteRunner.java:378)
	at org.testng.SuiteRunner.privateRun(SuiteRunner.java:337)
	at org.testng.SuiteRunner.run(SuiteRunner.java:286)
	at org.testng.SuiteRunnerWorker.runSuite(SuiteRunnerWorker.java:53)
	at org.testng.SuiteRunnerWorker.run(SuiteRunnerWorker.java:96)
	at org.testng.TestNG.runSuitesSequentially(TestNG.java:1187)
	at org.testng.TestNG.runSuitesLocally(TestNG.java:1109)
	at org.testng.TestNG.runSuites(TestNG.java:1039)
	at org.testng.TestNG.run(TestNG.java:1007)
	at org.gradle.api.internal.tasks.testing.testng.TestNGTestClassProcessor.runTests(TestNGTestClassProcessor.java:141)
	at org.gradle.api.internal.tasks.testing.testng.TestNGTestClassProcessor.stop(TestNGTestClassProcessor.java:90)
	at org.gradle.api.internal.tasks.testing.SuiteTestClassProcessor.stop(SuiteTestClassProcessor.java:61)
	at sun.reflect.NativeMethodAccessorImpl.invoke0(Native Method)
	at sun.reflect.NativeMethodAccessorImpl.invoke(NativeMethodAccessorImpl.java:62)
	at sun.reflect.DelegatingMethodAccessorImpl.invoke(DelegatingMethodAccessorImpl.java:43)
	at java.lang.reflect.Method.invoke(Method.java:498)
	at org.gradle.internal.dispatch.ReflectionDispatch.dispatch(ReflectionDispatch.java:35)
	at org.gradle.internal.dispatch.ReflectionDispatch.dispatch(ReflectionDispatch.java:24)
	at org.gradle.internal.dispatch.ContextClassLoaderDispatch.dispatch(ContextClassLoaderDispatch.java:32)
	at org.gradle.internal.dispatch.ProxyDispatchAdapter$DispatchingInvocationHandler.invoke(ProxyDispatchAdapter.java:93)
	at com.sun.proxy.$Proxy2.stop(Unknown Source)
	at org.gradle.api.internal.tasks.testing.worker.TestWorker.stop(TestWorker.java:132)
	at sun.reflect.NativeMethodAccessorImpl.invoke0(Native Method)
	at sun.reflect.NativeMethodAccessorImpl.invoke(NativeMethodAccessorImpl.java:62)
	at sun.reflect.DelegatingMethodAccessorImpl.invoke(DelegatingMethodAccessorImpl.java:43)
	at java.lang.reflect.Method.invoke(Method.java:498)
	at org.gradle.internal.dispatch.ReflectionDispatch.dispatch(ReflectionDispatch.java:35)
	at org.gradle.internal.dispatch.ReflectionDispatch.dispatch(ReflectionDispatch.java:24)
	at org.gradle.internal.remote.internal.hub.MessageHubBackedObjectConnection$DispatchWrapper.dispatch(MessageHubBackedObjectConnection.java:175)
	at org.gradle.internal.remote.internal.hub.MessageHubBackedObjectConnection$DispatchWrapper.dispatch(MessageHubBackedObjectConnection.java:157)
	at org.gradle.internal.remote.internal.hub.MessageHub$Handler.run(MessageHub.java:404)
	at org.gradle.internal.concurrent.ExecutorPolicy$CatchAndRecordFailures.onExecute(ExecutorPolicy.java:63)
	at org.gradle.internal.concurrent.ManagedExecutorImpl$1.run(ManagedExecutorImpl.java:46)
	at java.util.concurrent.ThreadPoolExecutor.runWorker(ThreadPoolExecutor.java:1149)
	at java.util.concurrent.ThreadPoolExecutor$Worker.run(ThreadPoolExecutor.java:624)
	at org.gradle.internal.concurrent.ThreadFactoryImpl$ManagedThreadRunnable.run(ThreadFactoryImpl.java:55)
	at java.lang.Thread.run(Thread.java:748)
</failure>
  </testcase>
  <system-out><![CDATA[]]></system-out>
  <system-err><![CDATA[SLF4J: Failed to load class "org.slf4j.impl.StaticLoggerBinder".
SLF4J: Defaulting to no-operation (NOP) logger implementation
SLF4J: See http://www.slf4j.org/codes.html#StaticLoggerBinder for further details.
]]></system-err>
</testsuite>
